<?xml version="1.0" encoding="UTF-8"?>
<!-- Generated by org.testng.reporters.JUnitReportReporter -->
<testsuite hostname="LAPTOP-UCREVVSN" failures="0" tests="1" name="api.Tests.BillingRequestTests" time="5.204" errors="0" timestamp="2024-03-31T00:35:52 IST" skipped="0">
  <testcase classname="api.Tests.BillingRequestTests" name="testCreateAddress" time="5.204"/>
  <system-out/>
</testsuite> <!-- api.Tests.BillingRequestTests -->
