<?xml version="1.0" encoding="UTF-8"?>
<!-- Generated by org.testng.reporters.JUnitReportReporter -->
<testsuite hostname="LAPTOP-UCREVVSN" failures="0" tests="1" name="api.Tests.ResponseArrayWithmultipleJsonObjectTest" time="2.925" errors="0" timestamp="2024-03-29T18:28:48 IST" skipped="0">
  <testcase classname="api.Tests.ResponseArrayWithmultipleJsonObjectTest" name="testMultipleJsonobject" time="2.925"/>
  <system-out/>
</testsuite> <!-- api.Tests.ResponseArrayWithmultipleJsonObjectTest -->
