<?xml version="1.0" encoding="UTF-8"?>
<!-- Generated by org.testng.reporters.JUnitReportReporter -->
<testsuite hostname="LAPTOP-UCREVVSN" failures="0" tests="1" name="api.Tests.SaveResponseinFile" time="1.731" errors="0" timestamp="2024-04-11T22:35:30 IST" skipped="0">
  <testcase classname="api.Tests.SaveResponseinFile" name="writeResponseJsonFile" time="1.731"/>
  <system-out/>
</testsuite> <!-- api.Tests.SaveResponseinFile -->
