<?xml version="1.0" encoding="UTF-8"?>
<!-- Generated by org.testng.reporters.JUnitReportReporter -->
<testsuite hostname="LAPTOP-UCREVVSN" failures="0" tests="2" name="ReqResHTTPRequest" time="5.827" errors="0" timestamp="2024-03-12T22:03:11 IST" skipped="1">
  <testcase classname="ReqResHTTPRequest" name="createUserList" time="5.827"/>
  <system-out/>
  <testcase classname="ReqResHTTPRequest" name="getUserList">
    <skipped/>
  </testcase> <!-- getUserList -->
  <system-out/>
</testsuite> <!-- ReqResHTTPRequest -->
