<?xml version="1.0" encoding="UTF-8"?>
<!-- Generated by org.testng.reporters.JUnitReportReporter -->
<testsuite hostname="LAPTOP-UCREVVSN" failures="0" tests="1" name="api.Tests.ResponseArrayInputPayloadTest" time="2.358" errors="0" timestamp="2024-03-29T20:25:59 IST" skipped="0">
  <testcase classname="api.Tests.ResponseArrayInputPayloadTest" name="testPostcreateuser" time="2.358"/>
  <system-out/>
</testsuite> <!-- api.Tests.ResponseArrayInputPayloadTest -->
