<?xml version="1.0" encoding="UTF-8"?>
<!-- Generated by org.testng.reporters.JUnitReportReporter -->
<testsuite hostname="LAPTOP-UCREVVSN" failures="0" tests="1" name="api.Tests.UberUpdateItemTest" time="2.577" errors="0" timestamp="2024-04-16T12:39:46 IST" skipped="0">
  <testcase classname="api.Tests.UberUpdateItemTest" name="testUpdateUberitem" time="2.577"/>
  <system-out/>
</testsuite> <!-- api.Tests.UberUpdateItemTest -->
