<?xml version="1.0" encoding="UTF-8"?>
<!-- Generated by org.testng.reporters.JUnitReportReporter -->
<testsuite hostname="LAPTOP-UCREVVSN" failures="0" tests="1" name="api.Tests.CartOrdersBatchTests" time="3.172" errors="0" timestamp="2024-03-30T17:53:18 IST" skipped="0">
  <testcase classname="api.Tests.CartOrdersBatchTests" name="testCartOver" time="3.172"/>
  <system-out/>
</testsuite> <!-- api.Tests.CartOrdersBatchTests -->
