<?xml version="1.0" encoding="UTF-8"?>
<!-- Generated by org.testng.reporters.JUnitReportReporter -->
<testsuite hostname="LAPTOP-UCREVVSN" failures="0" tests="1" name="api.Tests.UpdateAddressTests" time="1.817" errors="0" timestamp="2024-03-30T02:54:28 IST" skipped="0">
  <testcase classname="api.Tests.UpdateAddressTests" name="testPostcreateuser" time="1.817"/>
  <system-out/>
</testsuite> <!-- api.Tests.UpdateAddressTests -->
