<?xml version="1.0" encoding="UTF-8"?>
<!-- Generated by org.testng.reporters.JUnitReportReporter -->
<testsuite hostname="LAPTOP-UCREVVSN" failures="0" tests="1" name="api.Tests.AdjustmentsTest" time="3.693" errors="0" timestamp="2024-04-21T15:57:20 IST" skipped="0">
  <testcase classname="api.Tests.AdjustmentsTest" name="createAdjustmentTC" time="3.693"/>
  <system-out/>
</testsuite> <!-- api.Tests.AdjustmentsTest -->
