<?xml version="1.0" encoding="UTF-8"?>
<!-- Generated by org.testng.reporters.JUnitReportReporter -->
<testsuite hostname="LAPTOP-UCREVVSN" failures="0" tests="1" name="api.Tests.CovertingHashmaptoJSON" time="0.251" errors="0" timestamp="2024-04-20T15:29:06 IST" skipped="0">
  <testcase classname="api.Tests.CovertingHashmaptoJSON" name="covertjson" time="0.251"/>
  <system-out/>
</testsuite> <!-- api.Tests.CovertingHashmaptoJSON -->
