<?xml version="1.0" encoding="UTF-8"?>
<!-- Generated by org.testng.reporters.JUnitReportReporter -->
<testsuite hostname="LAPTOP-UCREVVSN" failures="0" tests="1" name="api.Tests.PostQueryDataBaseTests" time="2.508" errors="0" timestamp="2024-03-30T03:04:46 IST" skipped="0">
  <testcase classname="api.Tests.PostQueryDataBaseTests" name="testPostArray" time="2.508"/>
  <system-out/>
</testsuite> <!-- api.Tests.PostQueryDataBaseTests -->
