<?xml version="1.0" encoding="UTF-8"?>
<!-- Generated by org.testng.reporters.JUnitReportReporter -->
<testsuite hostname="LAPTOP-UCREVVSN" failures="0" tests="1" name="differentwaytoSendPostRequest.CategoryDetails" time="3.339" errors="0" timestamp="2024-03-19T22:19:12 IST" skipped="0">
  <testcase classname="differentwaytoSendPostRequest.CategoryDetails" name="testGategoryDetails" time="3.339"/>
  <system-out/>
</testsuite> <!-- differentwaytoSendPostRequest.CategoryDetails -->
