<?xml version="1.0" encoding="UTF-8"?>
<!-- Generated by org.testng.reporters.JUnitReportReporter -->
<testsuite hostname="LAPTOP-UCREVVSN" failures="0" tests="1" name="differentwaytoSendPostRequest.UserModuleTest" time="3.990" errors="0" timestamp="2024-03-16T11:34:35 IST" skipped="0">
  <testcase classname="differentwaytoSendPostRequest.UserModuleTest" name="getListofUserModule" time="3.990"/>
  <system-out/>
</testsuite> <!-- differentwaytoSendPostRequest.UserModuleTest -->
