<?xml version="1.0" encoding="UTF-8"?>
<!-- Generated by org.testng.reporters.JUnitReportReporter -->
<testsuite hostname="LAPTOP-UCREVVSN" failures="0" tests="1" name="api.Tests.BlocksChildTests" time="5.065" errors="0" timestamp="2024-03-30T15:59:14 IST" skipped="0">
  <testcase classname="api.Tests.BlocksChildTests" name="testCreateAddress" time="5.065"/>
  <system-out/>
</testsuite> <!-- api.Tests.BlocksChildTests -->
