<?xml version="1.0" encoding="UTF-8"?>
<!-- Generated by org.testng.reporters.JUnitReportReporter -->
<testsuite hostname="LAPTOP-UCREVVSN" failures="0" tests="1" name="storeRestAPI.GetSupplierDetailsTest" time="4.114" errors="0" timestamp="2024-03-21T13:23:26 IST" skipped="0">
  <testcase classname="storeRestAPI.GetSupplierDetailsTest" name="getSuppliersDetails" time="4.114"/>
  <system-out/>
</testsuite> <!-- storeRestAPI.GetSupplierDetailsTest -->
