<?xml version="1.0" encoding="UTF-8"?>
<!-- Generated by org.testng.reporters.JUnitReportReporter -->
<testsuite hostname="LAPTOP-UCREVVSN" failures="0" tests="1" name="storeRestAPI.GetAllProduct" time="2.130" errors="0" timestamp="2024-03-21T12:36:46 IST" skipped="0">
  <testcase classname="storeRestAPI.GetAllProduct" name="test_GetAllProductList" time="2.130"/>
  <system-out/>
</testsuite> <!-- storeRestAPI.GetAllProduct -->
