<?xml version="1.0" encoding="UTF-8"?>
<!-- Generated by org.testng.reporters.JUnitReportReporter -->
<testsuite hostname="LAPTOP-UCREVVSN" failures="0" tests="1" name="differentwaytoSendPostRequest.SasaveSearchBuyerPreferences" time="4.791" errors="0" timestamp="2024-03-19T12:59:22 IST" skipped="0">
  <testcase classname="differentwaytoSendPostRequest.SasaveSearchBuyerPreferences" name="dataValidation" time="4.791"/>
  <system-out/>
</testsuite> <!-- differentwaytoSendPostRequest.SasaveSearchBuyerPreferences -->
