<?xml version="1.0" encoding="UTF-8"?>
<!-- Generated by org.testng.reporters.JUnitReportReporter -->
<testsuite hostname="LAPTOP-UCREVVSN" failures="0" tests="1" name="api.Tests.CreateAddressTests" time="2.579" errors="0" timestamp="2024-03-29T19:07:16 IST" skipped="0">
  <testcase classname="api.Tests.CreateAddressTests" name="testCreateAddress" time="2.579"/>
  <system-out/>
</testsuite> <!-- api.Tests.CreateAddressTests -->
