<?xml version="1.0" encoding="UTF-8"?>
<!-- Generated by org.testng.reporters.JUnitReportReporter -->
<testsuite hostname="LAPTOP-UCREVVSN" failures="0" tests="1" name="api.Tests.DataBaseTests" time="1.977" errors="0" timestamp="2024-03-30T02:02:39 IST" skipped="0">
  <testcase classname="api.Tests.DataBaseTests" name="testDataBaseCreation" time="1.977"/>
  <system-out/>
</testsuite> <!-- api.Tests.DataBaseTests -->
