<?xml version="1.0" encoding="UTF-8"?>
<!-- Generated by org.testng.reporters.JUnitReportReporter -->
<testsuite hostname="LAPTOP-UCREVVSN" failures="0" tests="1" name="differentwaytoSendPostRequest.PostRequest" time="2.956" errors="0" timestamp="2024-03-19T21:08:04 IST" skipped="0">
  <testcase classname="differentwaytoSendPostRequest.PostRequest" name="saveSuppliersList" time="2.956"/>
  <system-out/>
</testsuite> <!-- differentwaytoSendPostRequest.PostRequest -->
